Using pre-set license
Built from '2020.3/staging' branch; Version is '2020.3.42f1 (7ade1201f527) revision 8052242'; Using compiler version '192528614'; Build Type 'Release'
OS: 'Windows 10  (10.0.19044) 64bit Professional' Language: 'en' Physical Memory: 7599 MB
BatchMode: 1, IsHumanControllingUs: 0, StartBugReporterOnCrash: 0, Is64bit: 1, IsPro: 0

COMMAND LINE ARGUMENTS:
C:\Program Files\Unity\Hub\Editor\2020.3.42f1\Editor\Unity.exe
-adb2
-batchMode
-noUpm
-name
AssetImportWorker0
-projectPath
C:/Users/asus/Documents/GitHub/Aventala1/task/Aventala
-logFile
Logs/AssetImportWorker0.log
-srvPort
62576
Successfully changed project path to: C:/Users/asus/Documents/GitHub/Aventala1/task/Aventala
C:/Users/asus/Documents/GitHub/Aventala1/task/Aventala
Using Asset Import Pipeline V2.
Refreshing native plugins compatible for Editor in 84.78 ms, found 2 plugins.
Preloading 0 native plugins for Editor in 0.00 ms.
Initialize engine version: 2020.3.42f1 (7ade1201f527)
[Subsystems] Discovering subsystems at path C:/Program Files/Unity/Hub/Editor/2020.3.42f1/Editor/Data/Resources/UnitySubsystems
[Subsystems] Discovering subsystems at path C:/Users/asus/Documents/GitHub/Aventala1/task/Aventala/Assets
GfxDevice: creating device client; threaded=0
Direct3D:
    Version:  Direct3D 11.0 [level 11.1]
    Renderer: NVIDIA GeForce GTX 1650 (ID=0x1f99)
    Vendor:   
    VRAM:     3962 MB
    Driver:   31.0.15.1640
Initialize mono
Mono path[0] = 'C:/Program Files/Unity/Hub/Editor/2020.3.42f1/Editor/Data/Managed'
Mono path[1] = 'C:/Program Files/Unity/Hub/Editor/2020.3.42f1/Editor/Data/MonoBleedingEdge/lib/mono/unityjit'
Mono config path = 'C:/Program Files/Unity/Hub/Editor/2020.3.42f1/Editor/Data/MonoBleedingEdge/etc'
Using monoOptions --debugger-agent=transport=dt_socket,embedding=1,server=y,suspend=n,address=127.0.0.1:56020
Begin MonoManager ReloadAssembly
Registering precompiled unity dll's ...
Register platform support module: C:/Program Files/Unity/Hub/Editor/2020.3.42f1/Editor/Data/PlaybackEngines/WindowsStandaloneSupport/UnityEditor.WindowsStandalone.Extensions.dll
Registered in 0.003227 seconds.
Native extension for WindowsStandalone target not found
Refreshing native plugins compatible for Editor in 86.99 ms, found 2 plugins.
Preloading 0 native plugins for Editor in 0.00 ms.
Mono: successfully reloaded assembly
- Completed reload, in  0.931 seconds
Domain Reload Profiling:
	ReloadAssembly (932ms)
		BeginReloadAssembly (97ms)
			ExecutionOrderSort (0ms)
			DisableScriptedObjects (0ms)
			BackupInstance (0ms)
			ReleaseScriptingObjects (0ms)
			CreateAndSetChildDomain (1ms)
		EndReloadAssembly (716ms)
			LoadAssemblies (92ms)
			RebuildTransferFunctionScriptingTraits (0ms)
			SetupTypeCache (213ms)
			ReleaseScriptCaches (0ms)
			RebuildScriptCaches (59ms)
			SetupLoadedEditorAssemblies (285ms)
				LogAssemblyErrors (0ms)
				InitializePlatformSupportModulesInManaged (7ms)
				SetLoadedEditorAssemblies (0ms)
				RefreshPlugins (87ms)
				BeforeProcessingInitializeOnLoad (25ms)
				ProcessInitializeOnLoadAttributes (124ms)
				ProcessInitializeOnLoadMethodAttributes (41ms)
				AfterProcessingInitializeOnLoad (0ms)
				EditorAssembliesLoaded (1ms)
			ExecutionOrderSort2 (0ms)
			AwakeInstancesAfterBackupRestoration (0ms)
Platform modules already initialized, skipping
Registering precompiled user dll's ...
Registered in 0.007160 seconds.
Begin MonoManager ReloadAssembly
Native extension for WindowsStandalone target not found
Refreshing native plugins compatible for Editor in 88.97 ms, found 2 plugins.
Preloading 0 native plugins for Editor in 0.00 ms.
Mono: successfully reloaded assembly
- Completed reload, in  1.800 seconds
Domain Reload Profiling:
	ReloadAssembly (1801ms)
		BeginReloadAssembly (219ms)
			ExecutionOrderSort (0ms)
			DisableScriptedObjects (7ms)
			BackupInstance (0ms)
			ReleaseScriptingObjects (0ms)
			CreateAndSetChildDomain (26ms)
		EndReloadAssembly (1481ms)
			LoadAssemblies (149ms)
			RebuildTransferFunctionScriptingTraits (0ms)
			SetupTypeCache (453ms)
			ReleaseScriptCaches (1ms)
			RebuildScriptCaches (104ms)
			SetupLoadedEditorAssemblies (615ms)
				LogAssemblyErrors (0ms)
				InitializePlatformSupportModulesInManaged (5ms)
				SetLoadedEditorAssemblies (0ms)
				RefreshPlugins (89ms)
				BeforeProcessingInitializeOnLoad (152ms)
				ProcessInitializeOnLoadAttributes (332ms)
				ProcessInitializeOnLoadMethodAttributes (21ms)
				AfterProcessingInitializeOnLoad (15ms)
				EditorAssembliesLoaded (1ms)
			ExecutionOrderSort2 (0ms)
			AwakeInstancesAfterBackupRestoration (3ms)
Platform modules already initialized, skipping
========================================================================
Worker process is ready to serve import requests
Launched and connected shader compiler UnityShaderCompiler.exe after 0.07 seconds
Refreshing native plugins compatible for Editor in 0.85 ms, found 2 plugins.
Preloading 0 native plugins for Editor in 0.00 ms.
Unloading 2968 Unused Serialized files (Serialized files now loaded: 0)
System memory in use before: 134.5 MB.
System memory in use after: 134.7 MB.

Unloading 18 unused Assets to reduce memory usage. Loaded Objects now: 3407.
Total: 4.970700 ms (FindLiveObjects: 0.429900 ms CreateObjectMapping: 0.175100 ms MarkObjects: 4.247400 ms  DeleteObjects: 0.116400 ms)

AssetImportParameters requested are different than current active one (requested -> active):
  custom:framework-win-MediaFoundation: 216162199b28c13a410421893ffa2e32 -> 
  custom:video-decoder-ogg-theora: a1e56fd34408186e4bbccfd4996cb3dc -> 
  custom:container-muxer-webm: aa71ff27fc2769a1b78a27578f13a17b -> 
  custom:container-demuxer-webm: 4f35f7cbe854078d1ac9338744f61a02 -> 
  custom:container-demuxer-ogg: 62fdf1f143b41e24485cea50d1cbac27 -> 
  custom:video-encoder-webm-vp8: eb34c28f22e8b96e1ab97ce403110664 -> 
  custom:video-decoder-webm-vp8: 9c59270c3fd7afecdb556c50c9e8de78 -> 
  custom:audio-decoder-ogg-vorbis: bf7c407c2cedff20999df2af8eb42d56 -> 
  custom:audio-encoder-webm-vorbis: bf7c407c2cedff20999df2af8eb42d56 -> 
========================================================================
Received Import Request.
  path: Assets/Scenes/MainMenu.unity
  artifactKey: Guid(3c41fda64b83f4145a6b21805d287a1d) Importer(815301076,1909f56bfc062723c751e8b465ee728b)
Start importing Assets/Scenes/MainMenu.unity using Guid(3c41fda64b83f4145a6b21805d287a1d) Importer(815301076,1909f56bfc062723c751e8b465ee728b)  -> (artifact id: 'f9c724779a29644038fc28afaceb2d8b') in 0.008666 seconds 
========================================================================
Received Import Request.
  Time since last request: 25.424882 seconds.
  path: Assets/Asset/Tanaman
  artifactKey: Guid(99b1ccad23186c04fb4e45d34de73135) Importer(815301076,1909f56bfc062723c751e8b465ee728b)
Start importing Assets/Asset/Tanaman using Guid(99b1ccad23186c04fb4e45d34de73135) Importer(815301076,1909f56bfc062723c751e8b465ee728b)  -> (artifact id: '317891c6d619d964a1458c500a707408') in 0.007253 seconds 
========================================================================
Received Import Request.
  Time since last request: 19.295596 seconds.
  path: Assets/Asset/UI
  artifactKey: Guid(4df574ff9f09eb54db91202f3c9969b4) Importer(815301076,1909f56bfc062723c751e8b465ee728b)
Start importing Assets/Asset/UI using Guid(4df574ff9f09eb54db91202f3c9969b4) Importer(815301076,1909f56bfc062723c751e8b465ee728b)  -> (artifact id: '0350d6ec08f12d6b29a679cd1d76bb5b') in 0.004766 seconds 
========================================================================
Received Import Request.
  Time since last request: 112.401100 seconds.
  path: Assets/Asset/UI/back.png
  artifactKey: Guid(53094c7bbf5e1c84ebb5197ec4d81386) Importer(815301076,1909f56bfc062723c751e8b465ee728b)
Start importing Assets/Asset/UI/back.png using Guid(53094c7bbf5e1c84ebb5197ec4d81386) Importer(815301076,1909f56bfc062723c751e8b465ee728b)  -> (artifact id: 'db72ffc706d1a90d6a226c16647b7b9f') in 0.130215 seconds 
========================================================================
Received Import Request.
  Time since last request: 0.000441 seconds.
  path: Assets/Asset/UI/button-Progress Hover.png
  artifactKey: Guid(74b106d3735fcb741ae59a95adb0915d) Importer(815301076,1909f56bfc062723c751e8b465ee728b)
Start importing Assets/Asset/UI/button-Progress Hover.png using Guid(74b106d3735fcb741ae59a95adb0915d) Importer(815301076,1909f56bfc062723c751e8b465ee728b)  -> (artifact id: '31ef7903a9227623b6e3c316d9281a51') in 0.017936 seconds 
========================================================================
Received Import Request.
  Time since last request: 0.000340 seconds.
  path: Assets/Asset/UI/button-load_hover.png
  artifactKey: Guid(c142e075e9ea58a4b908df8ce370b8c1) Importer(815301076,1909f56bfc062723c751e8b465ee728b)
Start importing Assets/Asset/UI/button-load_hover.png using Guid(c142e075e9ea58a4b908df8ce370b8c1) Importer(815301076,1909f56bfc062723c751e8b465ee728b)  -> (artifact id: 'cc69cd0cc9e5b9ff971d5aa637a6cf64') in 0.018547 seconds 
========================================================================
Received Import Request.
  Time since last request: 0.000481 seconds.
  path: Assets/Asset/UI/button-quit.png
  artifactKey: Guid(6ae40a121fdb69d499f17646d6e7e1a1) Importer(815301076,1909f56bfc062723c751e8b465ee728b)
Start importing Assets/Asset/UI/button-quit.png using Guid(6ae40a121fdb69d499f17646d6e7e1a1) Importer(815301076,1909f56bfc062723c751e8b465ee728b)  -> (artifact id: 'a21dd860075ab4432fa8a1f9a8b54749') in 0.013727 seconds 
========================================================================
Received Import Request.
  Time since last request: 0.000390 seconds.
  path: Assets/Asset/UI/button-save_hover.png
  artifactKey: Guid(22fe53ada47886a4cbf98dee08ec6f64) Importer(815301076,1909f56bfc062723c751e8b465ee728b)
Start importing Assets/Asset/UI/button-save_hover.png using Guid(22fe53ada47886a4cbf98dee08ec6f64) Importer(815301076,1909f56bfc062723c751e8b465ee728b)  -> (artifact id: 'befb2ce4e4dcf2977f4366b22af7b1c8') in 0.012810 seconds 
========================================================================
Received Import Request.
  Time since last request: 0.000329 seconds.
  path: Assets/Asset/UI/button-quest.png
  artifactKey: Guid(8bf22f1d901137c4a9f69cda840068d3) Importer(815301076,1909f56bfc062723c751e8b465ee728b)
Start importing Assets/Asset/UI/button-quest.png using Guid(8bf22f1d901137c4a9f69cda840068d3) Importer(815301076,1909f56bfc062723c751e8b465ee728b)  -> (artifact id: '58b345f3cdf4b65c4a37e0087b2ffd53') in 0.019841 seconds 
========================================================================
Received Import Request.
  Time since last request: 0.000293 seconds.
  path: Assets/Asset/UI/button-load.png
  artifactKey: Guid(30c457d2dd660e7409dd2296a7f8d921) Importer(815301076,1909f56bfc062723c751e8b465ee728b)
Start importing Assets/Asset/UI/button-load.png using Guid(30c457d2dd660e7409dd2296a7f8d921) Importer(815301076,1909f56bfc062723c751e8b465ee728b)  -> (artifact id: '83c13b65ef485c3848c4b1c5df0d6b4e') in 0.012572 seconds 
========================================================================
Received Import Request.
  Time since last request: 0.000469 seconds.
  path: Assets/Asset/UI/button-journey hover.png
  artifactKey: Guid(8eb638bfefea8d04abdbadc65afe8d63) Importer(815301076,1909f56bfc062723c751e8b465ee728b)
Start importing Assets/Asset/UI/button-journey hover.png using Guid(8eb638bfefea8d04abdbadc65afe8d63) Importer(815301076,1909f56bfc062723c751e8b465ee728b)  -> (artifact id: '6c0abbfdaea6e0fc87338049d1cc520f') in 0.011411 seconds 
========================================================================
Received Import Request.
  Time since last request: 0.000375 seconds.
  path: Assets/Asset/UI/button-help.png
  artifactKey: Guid(fff649800e266d845844c18a7967e717) Importer(815301076,1909f56bfc062723c751e8b465ee728b)
Start importing Assets/Asset/UI/button-help.png using Guid(fff649800e266d845844c18a7967e717) Importer(815301076,1909f56bfc062723c751e8b465ee728b)  -> (artifact id: '87f4c77c99d6a7bb3636aa0d829a3049') in 0.013543 seconds 
========================================================================
Received Import Request.
  Time since last request: 0.000379 seconds.
  path: Assets/Asset/UI/button-inventory.png
  artifactKey: Guid(ee6fd249092184147b98cf1c26433a94) Importer(815301076,1909f56bfc062723c751e8b465ee728b)
Start importing Assets/Asset/UI/button-inventory.png using Guid(ee6fd249092184147b98cf1c26433a94) Importer(815301076,1909f56bfc062723c751e8b465ee728b)  -> (artifact id: '13a11e719b8103f61e4215ae2c2b6341') in 0.014600 seconds 
========================================================================
Received Import Request.
  Time since last request: 0.000301 seconds.
  path: Assets/Asset/UI/button-skill crossbow.png
  artifactKey: Guid(f2e8fc5f009608944b3eda9338b239b3) Importer(815301076,1909f56bfc062723c751e8b465ee728b)
Start importing Assets/Asset/UI/button-skill crossbow.png using Guid(f2e8fc5f009608944b3eda9338b239b3) Importer(815301076,1909f56bfc062723c751e8b465ee728b)  -> (artifact id: 'a072b45fa85ea31cf6f3b82e3cb967b8') in 0.016458 seconds 
========================================================================
Received Import Request.
  Time since last request: 0.000280 seconds.
  path: Assets/Asset/UI/button-quit_hover.png
  artifactKey: Guid(cf8dccd664ce78546a75d5ebe194659a) Importer(815301076,1909f56bfc062723c751e8b465ee728b)
Start importing Assets/Asset/UI/button-quit_hover.png using Guid(cf8dccd664ce78546a75d5ebe194659a) Importer(815301076,1909f56bfc062723c751e8b465ee728b)  -> (artifact id: '6b593689833fe1b927eb95cbb8125296') in 0.014881 seconds 
========================================================================
Received Import Request.
  Time since last request: 0.000333 seconds.
  path: Assets/Asset/UI/button-settings_hover.png
  artifactKey: Guid(6253b79bf4c4d0d419745d867530d1cc) Importer(815301076,1909f56bfc062723c751e8b465ee728b)
Start importing Assets/Asset/UI/button-settings_hover.png using Guid(6253b79bf4c4d0d419745d867530d1cc) Importer(815301076,1909f56bfc062723c751e8b465ee728b)  -> (artifact id: '66224c213244df9c257bf748b874ede6') in 0.011656 seconds 
========================================================================
Received Import Request.
  Time since last request: 0.000330 seconds.
  path: Assets/Asset/UI/Title Aventala.png
  artifactKey: Guid(24742b764974fb948a8824032fe7d620) Importer(815301076,1909f56bfc062723c751e8b465ee728b)
Start importing Assets/Asset/UI/Title Aventala.png using Guid(24742b764974fb948a8824032fe7d620) Importer(815301076,1909f56bfc062723c751e8b465ee728b)  -> (artifact id: '425b729121efbb3fe71e7e069999b47e') in 0.017289 seconds 
========================================================================
Received Import Request.
  Time since last request: 0.000333 seconds.
  path: Assets/Asset/UI/button-quest hover.png
  artifactKey: Guid(e4e45382670c8a1428084a5bbf4ee0a0) Importer(815301076,1909f56bfc062723c751e8b465ee728b)
Start importing Assets/Asset/UI/button-quest hover.png using Guid(e4e45382670c8a1428084a5bbf4ee0a0) Importer(815301076,1909f56bfc062723c751e8b465ee728b)  -> (artifact id: '42c9d65d89bb28c4f29020b45f981a4e') in 0.011754 seconds 
========================================================================
Received Import Request.
  Time since last request: 0.000302 seconds.
  path: Assets/Asset/UI/button-skill basic attack hover.png
  artifactKey: Guid(fa42102d7ccecb34faa54b3347704588) Importer(815301076,1909f56bfc062723c751e8b465ee728b)
Start importing Assets/Asset/UI/button-skill basic attack hover.png using Guid(fa42102d7ccecb34faa54b3347704588) Importer(815301076,1909f56bfc062723c751e8b465ee728b)  -> (artifact id: '73bb66cd226f1a9926635170956c51dc') in 0.011810 seconds 
========================================================================
Received Import Request.
  Time since last request: 0.000344 seconds.
  path: Assets/Asset/UI/button-skill crossbow hover.png
  artifactKey: Guid(42eb08fd0eecf8042941dfeba1c8a6ac) Importer(815301076,1909f56bfc062723c751e8b465ee728b)
Start importing Assets/Asset/UI/button-skill crossbow hover.png using Guid(42eb08fd0eecf8042941dfeba1c8a6ac) Importer(815301076,1909f56bfc062723c751e8b465ee728b)  -> (artifact id: '96962a55d272de31c9ca4f32d67fce0d') in 0.013701 seconds 
========================================================================
Received Import Request.
  Time since last request: 0.000359 seconds.
  path: Assets/Asset/UI/button-New.png
  artifactKey: Guid(ec1a12514cb66a4418ce695fd4bcc0bb) Importer(815301076,1909f56bfc062723c751e8b465ee728b)
Start importing Assets/Asset/UI/button-New.png using Guid(ec1a12514cb66a4418ce695fd4bcc0bb) Importer(815301076,1909f56bfc062723c751e8b465ee728b)  -> (artifact id: 'a324c4a68025e80f7a78c2c8970e423c') in 0.013439 seconds 
========================================================================
Received Import Request.
  Time since last request: 0.000340 seconds.
  path: Assets/Asset/UI/button-inventory hover.png
  artifactKey: Guid(144f25fb200331a4888694786708efe3) Importer(815301076,1909f56bfc062723c751e8b465ee728b)
Start importing Assets/Asset/UI/button-inventory hover.png using Guid(144f25fb200331a4888694786708efe3) Importer(815301076,1909f56bfc062723c751e8b465ee728b)  -> (artifact id: '187781d4ac2da08184b4d8dbc978f6f9') in 0.012711 seconds 
========================================================================
Received Import Request.
  Time since last request: 0.000352 seconds.
  path: Assets/Asset/UI/button-Progress.png
  artifactKey: Guid(fa1491bf2247e874bbccb5a191831915) Importer(815301076,1909f56bfc062723c751e8b465ee728b)
Start importing Assets/Asset/UI/button-Progress.png using Guid(fa1491bf2247e874bbccb5a191831915) Importer(815301076,1909f56bfc062723c751e8b465ee728b)  -> (artifact id: '1a30bc69a50eddc2b843735b8b3a0b7e') in 0.011514 seconds 
========================================================================
Received Import Request.
  Time since last request: 0.000362 seconds.
  path: Assets/Asset/UI/button-skill basic attack.png
  artifactKey: Guid(25137a15a3b27f84da55e75aa9f9e7a0) Importer(815301076,1909f56bfc062723c751e8b465ee728b)
Start importing Assets/Asset/UI/button-skill basic attack.png using Guid(25137a15a3b27f84da55e75aa9f9e7a0) Importer(815301076,1909f56bfc062723c751e8b465ee728b)  -> (artifact id: '2ce268ec2c1a3f798fbeedbc3c9384b7') in 0.011219 seconds 
========================================================================
Received Import Request.
  Time since last request: 0.000313 seconds.
  path: Assets/Asset/UI/button-save.png
  artifactKey: Guid(f14f7270a11a624408fa6500890f95ba) Importer(815301076,1909f56bfc062723c751e8b465ee728b)
Start importing Assets/Asset/UI/button-save.png using Guid(f14f7270a11a624408fa6500890f95ba) Importer(815301076,1909f56bfc062723c751e8b465ee728b)  -> (artifact id: '52b356b03aed7b37de3d1fd4b8737938') in 0.014127 seconds 
========================================================================
Received Import Request.
  Time since last request: 0.000330 seconds.
  path: Assets/Asset/UI/bgdramatic.jpg
  artifactKey: Guid(dacbe3d010d7b414fae06d47bef1d560) Importer(815301076,1909f56bfc062723c751e8b465ee728b)
Start importing Assets/Asset/UI/bgdramatic.jpg using Guid(dacbe3d010d7b414fae06d47bef1d560) Importer(815301076,1909f56bfc062723c751e8b465ee728b)  -> (artifact id: '68da3456de0792170ea498a48b17899c') in 0.027460 seconds 
========================================================================
Received Import Request.
  Time since last request: 0.000336 seconds.
  path: Assets/Asset/UI/button-help hover.png
  artifactKey: Guid(1a80572ee0a313a4fb427ecc4d147826) Importer(815301076,1909f56bfc062723c751e8b465ee728b)
Start importing Assets/Asset/UI/button-help hover.png using Guid(1a80572ee0a313a4fb427ecc4d147826) Importer(815301076,1909f56bfc062723c751e8b465ee728b)  -> (artifact id: '485867f28ad786baa10a785528c79fed') in 0.013413 seconds 
========================================================================
Received Import Request.
  Time since last request: 0.000336 seconds.
  path: Assets/Asset/UI/button-skill defens hover.png
  artifactKey: Guid(20b61aabfbc63f041a11d003eaac4c46) Importer(815301076,1909f56bfc062723c751e8b465ee728b)
Start importing Assets/Asset/UI/button-skill defens hover.png using Guid(20b61aabfbc63f041a11d003eaac4c46) Importer(815301076,1909f56bfc062723c751e8b465ee728b)  -> (artifact id: '818b271f31cf85098d7eab7f122063cb') in 0.013447 seconds 
========================================================================
Received Import Request.
  Time since last request: 0.000321 seconds.
  path: Assets/Asset/UI/button-skill peluit.png
  artifactKey: Guid(e4f6367295b318941837b1df367a4acd) Importer(815301076,1909f56bfc062723c751e8b465ee728b)
Start importing Assets/Asset/UI/button-skill peluit.png using Guid(e4f6367295b318941837b1df367a4acd) Importer(815301076,1909f56bfc062723c751e8b465ee728b)  -> (artifact id: '2a5d1f3654adf7affff755ce0467bf15') in 0.017853 seconds 
========================================================================
Received Import Request.
  Time since last request: 0.000342 seconds.
  path: Assets/Asset/UI/button-journey.png
  artifactKey: Guid(184587f8f94588f418014cc8643bef3d) Importer(815301076,1909f56bfc062723c751e8b465ee728b)
Start importing Assets/Asset/UI/button-journey.png using Guid(184587f8f94588f418014cc8643bef3d) Importer(815301076,1909f56bfc062723c751e8b465ee728b)  -> (artifact id: '339a3ec00a3a1d7d8c92a229c1d4b141') in 0.013113 seconds 
========================================================================
Received Import Request.
  Time since last request: 0.000309 seconds.
  path: Assets/Asset/UI/button-settings.png
  artifactKey: Guid(6a579319bc14d3e4cbdef976e7028eb9) Importer(815301076,1909f56bfc062723c751e8b465ee728b)
Start importing Assets/Asset/UI/button-settings.png using Guid(6a579319bc14d3e4cbdef976e7028eb9) Importer(815301076,1909f56bfc062723c751e8b465ee728b)  -> (artifact id: '065cc59df1db7afbbfe93eee4419fc52') in 0.014466 seconds 
========================================================================
Received Import Request.
  Time since last request: 0.000360 seconds.
  path: Assets/Asset/UI/button-Delete-03.png
  artifactKey: Guid(207869a40200ea9499b1e77567528062) Importer(815301076,1909f56bfc062723c751e8b465ee728b)
Start importing Assets/Asset/UI/button-Delete-03.png using Guid(207869a40200ea9499b1e77567528062) Importer(815301076,1909f56bfc062723c751e8b465ee728b)  -> (artifact id: 'b4551370d447fecc93177b111e78eaee') in 0.013809 seconds 
========================================================================
Received Import Request.
  Time since last request: 0.000404 seconds.
  path: Assets/Asset/UI/button-in game.png
  artifactKey: Guid(2fc2311b8e4f79c43b5592c9b9723623) Importer(815301076,1909f56bfc062723c751e8b465ee728b)
Start importing Assets/Asset/UI/button-in game.png using Guid(2fc2311b8e4f79c43b5592c9b9723623) Importer(815301076,1909f56bfc062723c751e8b465ee728b)  -> (artifact id: 'c679099b19ae27d481df7b95a49ab943') in 0.013126 seconds 
========================================================================
Received Import Request.
  Time since last request: 0.000287 seconds.
  path: Assets/Asset/UI/button-skill defens.png
  artifactKey: Guid(783e032b263b94140b0cca6b8cf744a4) Importer(815301076,1909f56bfc062723c751e8b465ee728b)
Start importing Assets/Asset/UI/button-skill defens.png using Guid(783e032b263b94140b0cca6b8cf744a4) Importer(815301076,1909f56bfc062723c751e8b465ee728b)  -> (artifact id: 'c3dc35c006a42de77f2f3e5b26edd610') in 0.014021 seconds 
========================================================================
Received Import Request.
  Time since last request: 0.000305 seconds.
  path: Assets/Asset/UI/border-map.png
  artifactKey: Guid(c84cee84c3153b94e9441ebb41fff8a9) Importer(815301076,1909f56bfc062723c751e8b465ee728b)
Start importing Assets/Asset/UI/border-map.png using Guid(c84cee84c3153b94e9441ebb41fff8a9) Importer(815301076,1909f56bfc062723c751e8b465ee728b)  -> (artifact id: '7066f0d171d488f5ec2763d9cbee8761') in 0.016286 seconds 
========================================================================
Received Import Request.
  Time since last request: 0.000413 seconds.
  path: Assets/Asset/UI/button-skill peluit hover.png
  artifactKey: Guid(869f275fe3880f9458c2d59961d8782a) Importer(815301076,1909f56bfc062723c751e8b465ee728b)
Start importing Assets/Asset/UI/button-skill peluit hover.png using Guid(869f275fe3880f9458c2d59961d8782a) Importer(815301076,1909f56bfc062723c751e8b465ee728b)  -> (artifact id: 'b39f5b02813be29b45a63f1753def967') in 0.012189 seconds 
========================================================================
Received Import Request.
  Time since last request: 7.309463 seconds.
  path: Assets/Asset/UI/bgdramatic.jpg
  artifactKey: Guid(dacbe3d010d7b414fae06d47bef1d560) Importer(815301076,1909f56bfc062723c751e8b465ee728b)
Start importing Assets/Asset/UI/bgdramatic.jpg using Guid(dacbe3d010d7b414fae06d47bef1d560) Importer(815301076,1909f56bfc062723c751e8b465ee728b)  -> (artifact id: '937d1cc41a5b4e54384883b273bb9fc3') in 0.189763 seconds 
========================================================================
Received Import Request.
  Time since last request: 8.412123 seconds.
  path: Assets/Asset/UI/back.png
  artifactKey: Guid(53094c7bbf5e1c84ebb5197ec4d81386) Importer(815301076,1909f56bfc062723c751e8b465ee728b)
Start importing Assets/Asset/UI/back.png using Guid(53094c7bbf5e1c84ebb5197ec4d81386) Importer(815301076,1909f56bfc062723c751e8b465ee728b)  -> (artifact id: '9c62bdc5c384b0844a8a38c2a510025f') in 0.018076 seconds 
========================================================================
Received Import Request.
  Time since last request: 13.258418 seconds.
  path: Assets/Asset/UI/bgdramatic.jpg
  artifactKey: Guid(dacbe3d010d7b414fae06d47bef1d560) Importer(815301076,1909f56bfc062723c751e8b465ee728b)
Start importing Assets/Asset/UI/bgdramatic.jpg using Guid(dacbe3d010d7b414fae06d47bef1d560) Importer(815301076,1909f56bfc062723c751e8b465ee728b)  -> (artifact id: '0f03944571310e4ceef47a5d47d2c5db') in 0.136668 seconds 
========================================================================
Received Import Request.
  Time since last request: 91.980342 seconds.
  path: Assets/Asset/UI/Title Aventala.png
  artifactKey: Guid(24742b764974fb948a8824032fe7d620) Importer(815301076,1909f56bfc062723c751e8b465ee728b)
Start importing Assets/Asset/UI/Title Aventala.png using Guid(24742b764974fb948a8824032fe7d620) Importer(815301076,1909f56bfc062723c751e8b465ee728b)  -> (artifact id: '5dd64b8b6899afdd980894cd1167152b') in 0.041605 seconds 
========================================================================
Received Import Request.
  Time since last request: 232.197820 seconds.
  path: Assets/Asset/UI/button-in game.png
  artifactKey: Guid(2fc2311b8e4f79c43b5592c9b9723623) Importer(815301076,1909f56bfc062723c751e8b465ee728b)
Start importing Assets/Asset/UI/button-in game.png using Guid(2fc2311b8e4f79c43b5592c9b9723623) Importer(815301076,1909f56bfc062723c751e8b465ee728b)  -> (artifact id: 'ec25a5e8a247620d6327823faba2944e') in 0.069213 seconds 
========================================================================
Received Import Request.
  Time since last request: 18.532780 seconds.
  path: Assets/Asset/UI/button-in game.png
  artifactKey: Guid(2fc2311b8e4f79c43b5592c9b9723623) Importer(815301076,1909f56bfc062723c751e8b465ee728b)
Start importing Assets/Asset/UI/button-in game.png using Guid(2fc2311b8e4f79c43b5592c9b9723623) Importer(815301076,1909f56bfc062723c751e8b465ee728b)  -> (artifact id: '54dad6e9c5749804be2cfcbc158fbe9a') in 0.041773 seconds 
========================================================================
Received Prepare
Registering precompiled user dll's ...
Registered in 0.009780 seconds.
Begin MonoManager ReloadAssembly
Native extension for WindowsStandalone target not found
Refreshing native plugins compatible for Editor in 0.76 ms, found 2 plugins.
Preloading 0 native plugins for Editor in 0.00 ms.
Mono: successfully reloaded assembly
- Completed reload, in  1.833 seconds
Domain Reload Profiling:
	ReloadAssembly (1835ms)
		BeginReloadAssembly (314ms)
			ExecutionOrderSort (0ms)
			DisableScriptedObjects (21ms)
			BackupInstance (0ms)
			ReleaseScriptingObjects (0ms)
			CreateAndSetChildDomain (134ms)
		EndReloadAssembly (1412ms)
			LoadAssemblies (176ms)
			RebuildTransferFunctionScriptingTraits (0ms)
			SetupTypeCache (479ms)
			ReleaseScriptCaches (1ms)
			RebuildScriptCaches (90ms)
			SetupLoadedEditorAssemblies (534ms)
				LogAssemblyErrors (0ms)
				InitializePlatformSupportModulesInManaged (6ms)
				SetLoadedEditorAssemblies (1ms)
				RefreshPlugins (1ms)
				BeforeProcessingInitializeOnLoad (153ms)
				ProcessInitializeOnLoadAttributes (338ms)
				ProcessInitializeOnLoadMethodAttributes (21ms)
				AfterProcessingInitializeOnLoad (14ms)
				EditorAssembliesLoaded (1ms)
			ExecutionOrderSort2 (0ms)
			AwakeInstancesAfterBackupRestoration (9ms)
Platform modules already initialized, skipping
Refreshing native plugins compatible for Editor in 1.58 ms, found 2 plugins.
Preloading 0 native plugins for Editor in 0.00 ms.
Unloading 2843 Unused Serialized files (Serialized files now loaded: 0)
System memory in use before: 128.9 MB.
System memory in use after: 129.1 MB.

Unloading 13 unused Assets to reduce memory usage. Loaded Objects now: 3422.
Total: 5.099600 ms (FindLiveObjects: 0.389900 ms CreateObjectMapping: 0.133000 ms MarkObjects: 4.515400 ms  DeleteObjects: 0.059200 ms)

AssetImportParameters requested are different than current active one (requested -> active):
  custom:framework-win-MediaFoundation: 216162199b28c13a410421893ffa2e32 -> 
  custom:video-decoder-ogg-theora: a1e56fd34408186e4bbccfd4996cb3dc -> 
  custom:container-muxer-webm: aa71ff27fc2769a1b78a27578f13a17b -> 
  custom:container-demuxer-webm: 4f35f7cbe854078d1ac9338744f61a02 -> 
  custom:container-demuxer-ogg: 62fdf1f143b41e24485cea50d1cbac27 -> 
  custom:video-encoder-webm-vp8: eb34c28f22e8b96e1ab97ce403110664 -> 
  custom:video-decoder-webm-vp8: 9c59270c3fd7afecdb556c50c9e8de78 -> 
  custom:audio-decoder-ogg-vorbis: bf7c407c2cedff20999df2af8eb42d56 -> 
  custom:audio-encoder-webm-vorbis: bf7c407c2cedff20999df2af8eb42d56 -> 
========================================================================
Received Import Request.
  Time since last request: 406.037578 seconds.
  path: Assets/script/MainMenu.cs
  artifactKey: Guid(39ec9c7dc5eaefb4b93e39dc784980a8) Importer(815301076,1909f56bfc062723c751e8b465ee728b)
Start importing Assets/script/MainMenu.cs using Guid(39ec9c7dc5eaefb4b93e39dc784980a8) Importer(815301076,1909f56bfc062723c751e8b465ee728b)  -> (artifact id: '16385e7e02f75a9880db71102e864786') in 0.028274 seconds 
========================================================================
Received Prepare
Registering precompiled user dll's ...
Registered in 0.007772 seconds.
Begin MonoManager ReloadAssembly
Native extension for WindowsStandalone target not found
Refreshing native plugins compatible for Editor in 0.74 ms, found 2 plugins.
Preloading 0 native plugins for Editor in 0.00 ms.
Mono: successfully reloaded assembly
- Completed reload, in  1.613 seconds
Domain Reload Profiling:
	ReloadAssembly (1613ms)
		BeginReloadAssembly (171ms)
			ExecutionOrderSort (0ms)
			DisableScriptedObjects (8ms)
			BackupInstance (0ms)
			ReleaseScriptingObjects (0ms)
			CreateAndSetChildDomain (48ms)
		EndReloadAssembly (1341ms)
			LoadAssemblies (149ms)
			RebuildTransferFunctionScriptingTraits (0ms)
			SetupTypeCache (435ms)
			ReleaseScriptCaches (2ms)
			RebuildScriptCaches (88ms)
			SetupLoadedEditorAssemblies (523ms)
				LogAssemblyErrors (0ms)
				InitializePlatformSupportModulesInManaged (6ms)
				SetLoadedEditorAssemblies (1ms)
				RefreshPlugins (1ms)
				BeforeProcessingInitializeOnLoad (149ms)
				ProcessInitializeOnLoadAttributes (330ms)
				ProcessInitializeOnLoadMethodAttributes (21ms)
				AfterProcessingInitializeOnLoad (15ms)
				EditorAssembliesLoaded (1ms)
			ExecutionOrderSort2 (0ms)
			AwakeInstancesAfterBackupRestoration (9ms)
Platform modules already initialized, skipping
Refreshing native plugins compatible for Editor in 0.74 ms, found 2 plugins.
Preloading 0 native plugins for Editor in 0.00 ms.
Unloading 2844 Unused Serialized files (Serialized files now loaded: 0)
System memory in use before: 128.9 MB.
System memory in use after: 129.2 MB.

Unloading 13 unused Assets to reduce memory usage. Loaded Objects now: 3426.
Total: 5.454000 ms (FindLiveObjects: 0.415600 ms CreateObjectMapping: 0.204500 ms MarkObjects: 4.796000 ms  DeleteObjects: 0.036000 ms)

AssetImportParameters requested are different than current active one (requested -> active):
  custom:framework-win-MediaFoundation: 216162199b28c13a410421893ffa2e32 -> 
  custom:video-decoder-ogg-theora: a1e56fd34408186e4bbccfd4996cb3dc -> 
  custom:container-muxer-webm: aa71ff27fc2769a1b78a27578f13a17b -> 
  custom:container-demuxer-webm: 4f35f7cbe854078d1ac9338744f61a02 -> 
  custom:container-demuxer-ogg: 62fdf1f143b41e24485cea50d1cbac27 -> 
  custom:video-encoder-webm-vp8: eb34c28f22e8b96e1ab97ce403110664 -> 
  custom:video-decoder-webm-vp8: 9c59270c3fd7afecdb556c50c9e8de78 -> 
  custom:audio-decoder-ogg-vorbis: bf7c407c2cedff20999df2af8eb42d56 -> 
  custom:audio-encoder-webm-vorbis: bf7c407c2cedff20999df2af8eb42d56 -> 
========================================================================
Received Import Request.
  Time since last request: 101.678434 seconds.
  path: Assets/Scenes/LoadGame.unity
  artifactKey: Guid(e65164ef1574604438854ae5bfec3fd1) Importer(815301076,1909f56bfc062723c751e8b465ee728b)
Start importing Assets/Scenes/LoadGame.unity using Guid(e65164ef1574604438854ae5bfec3fd1) Importer(815301076,1909f56bfc062723c751e8b465ee728b)  -> (artifact id: '80d302615dfade9f7f25ec81ca3a2227') in 0.021794 seconds 
========================================================================
Received Import Request.
  Time since last request: 1.961436 seconds.
  path: Assets/Scenes/MainMenu.unity
  artifactKey: Guid(3c41fda64b83f4145a6b21805d287a1d) Importer(815301076,1909f56bfc062723c751e8b465ee728b)
Start importing Assets/Scenes/MainMenu.unity using Guid(3c41fda64b83f4145a6b21805d287a1d) Importer(815301076,1909f56bfc062723c751e8b465ee728b)  -> (artifact id: '63d0afee510f902afbad1f81cd25ff7b') in 0.006428 seconds 
========================================================================
Received Import Request.
  Time since last request: 49.686659 seconds.
  path: Assets/Asset/UI/bg-pause 1.png
  artifactKey: Guid(328412ea47f58e34eb4c0be8fc8e9360) Importer(815301076,1909f56bfc062723c751e8b465ee728b)
Start importing Assets/Asset/UI/bg-pause 1.png using Guid(328412ea47f58e34eb4c0be8fc8e9360) Importer(815301076,1909f56bfc062723c751e8b465ee728b)  -> (artifact id: 'bb1bff9866896329e7da451a70c8318c') in 0.279893 seconds 
========================================================================
Received Import Request.
  Time since last request: 0.000359 seconds.
  path: Assets/Asset/UI/button-new hover-02.png
  artifactKey: Guid(87f19aa4f41d68f45bc4d5f428b75bfb) Importer(815301076,1909f56bfc062723c751e8b465ee728b)
Start importing Assets/Asset/UI/button-new hover-02.png using Guid(87f19aa4f41d68f45bc4d5f428b75bfb) Importer(815301076,1909f56bfc062723c751e8b465ee728b)  -> (artifact id: 'db5a59f06b5b34e85b6846576595929f') in 0.017314 seconds 
========================================================================
Received Import Request.
  Time since last request: 0.000444 seconds.
  path: Assets/Asset/UI/button-delete hover-02.png
  artifactKey: Guid(6cb8858c33e453146a13a4a58979f6e3) Importer(815301076,1909f56bfc062723c751e8b465ee728b)
Start importing Assets/Asset/UI/button-delete hover-02.png using Guid(6cb8858c33e453146a13a4a58979f6e3) Importer(815301076,1909f56bfc062723c751e8b465ee728b)  -> (artifact id: '91639cdec17ad05c2a11bc756d1e0143') in 0.017813 seconds 
========================================================================
Received Import Request.
  Time since last request: 0.000316 seconds.
  path: Assets/Asset/UI/button-delete-02.png
  artifactKey: Guid(34fe2c2482cf9f64fb97b70dca04ee37) Importer(815301076,1909f56bfc062723c751e8b465ee728b)
Start importing Assets/Asset/UI/button-delete-02.png using Guid(34fe2c2482cf9f64fb97b70dca04ee37) Importer(815301076,1909f56bfc062723c751e8b465ee728b)  -> (artifact id: '1ce053d27bac1565a2d0491d6346e6b8') in 0.016979 seconds 
========================================================================
Received Import Request.
  Time since last request: 0.000405 seconds.
  path: Assets/Asset/UI/button-new-02.png
  artifactKey: Guid(b1f4275cd29f9c34ab959662c182e7e7) Importer(815301076,1909f56bfc062723c751e8b465ee728b)
Start importing Assets/Asset/UI/button-new-02.png using Guid(b1f4275cd29f9c34ab959662c182e7e7) Importer(815301076,1909f56bfc062723c751e8b465ee728b)  -> (artifact id: '027262178d83e2178e97357e35efe9cc') in 0.013721 seconds 
========================================================================
Received Import Request.
  Time since last request: 81.559063 seconds.
  path: Assets/Asset/UI/Background-Pop-up.png
  artifactKey: Guid(a98717b574ba66f44b688242028f93a1) Importer(815301076,1909f56bfc062723c751e8b465ee728b)
Start importing Assets/Asset/UI/Background-Pop-up.png using Guid(a98717b574ba66f44b688242028f93a1) Importer(815301076,1909f56bfc062723c751e8b465ee728b)  -> (artifact id: '09b166873c27e0864c1b8babcf26ec2c') in 0.029231 seconds 
========================================================================
Received Import Request.
  Time since last request: 8.691905 seconds.
  path: Assets/Asset/UI/Background-Pop-up.png
  artifactKey: Guid(a98717b574ba66f44b688242028f93a1) Importer(815301076,1909f56bfc062723c751e8b465ee728b)
Start importing Assets/Asset/UI/Background-Pop-up.png using Guid(a98717b574ba66f44b688242028f93a1) Importer(815301076,1909f56bfc062723c751e8b465ee728b)  -> (artifact id: '12fc7a6f17af5b9fd3c983dab5cfbaf0') in 0.058454 seconds 
========================================================================
Received Import Request.
  Time since last request: 5.432238 seconds.
  path: Assets/Asset/UI/Background-Pop-up.png
  artifactKey: Guid(a98717b574ba66f44b688242028f93a1) Importer(815301076,1909f56bfc062723c751e8b465ee728b)
Start importing Assets/Asset/UI/Background-Pop-up.png using Guid(a98717b574ba66f44b688242028f93a1) Importer(815301076,1909f56bfc062723c751e8b465ee728b)  -> (artifact id: '845438c4b39f10899269b554c9697e74') in 0.097531 seconds 
AssetImportWorkerClient::OnTransportError - code=2 error=End of file
